This is XeTeX, Version 3.1415926-2.3-0.9997.5 (MiKTeX 2.9) (preloaded format=xelatex 2012.4.20)  20 APR 2012 16:03
entering extended mode
**main.tex
(E:\web\aptana3\alicelex\docs\paper-utf8\main.tex
LaTeX2e <2011/06/27>
Babel <v3.8m> and hyphenation patterns for loaded.
(E:\tex\CTEX\MiKTeX\tex\latex\ctex\ctexbook.cls
Document Class: ctexbook 2011/03/11 v1.02c ctexbook document class
(E:\tex\CTEX\MiKTeX\tex\latex\ctex\opt\ctex-common-opts.def)
(E:\tex\CTEX\MiKTeX\tex\latex\ctex\opt\ctex-caption-opts.def
\c@CTEX@sectiondepth=\count80
)
(E:\tex\CTEX\MiKTeX\tex\latex\ctex\opt\ctex-class-opts.def)
(E:\tex\CTEX\CTeX\tex\latex\ctex\cfg\ctexopts.cfg)
(E:\tex\CTEX\MiKTeX\tex\latex\ctex\def\ctex-loadclass.def
(E:\tex\CTEX\MiKTeX\tex\latex\base\book.cls
Document Class: book 2007/10/19 v1.4h Standard LaTeX document class
(E:\tex\CTEX\MiKTeX\tex\latex\base\bk12.clo
File: bk12.clo 2007/10/19 v1.4h Standard LaTeX file (size option)
Requested font "cmr12" at 12.0pt
 -> cmr12
)
\c@part=\count81
\c@chapter=\count82
\c@section=\count83
\c@subsection=\count84
\c@subsubsection=\count85
\c@paragraph=\count86
\c@subparagraph=\count87
\c@figure=\count88
\c@table=\count89
\abovecaptionskip=\skip41
\belowcaptionskip=\skip42
\bibindent=\dimen102
))
(E:\tex\CTEX\MiKTeX\tex\latex\ctex\def\ctex-common.def
(E:\tex\CTEX\MiKTeX\tex\latex\l3kernel\expl3.sty
(E:\tex\CTEX\MiKTeX\tex\latex\l3kernel\l3names.sty
(E:\tex\CTEX\MiKTeX\tex\latex\l3kernel\l3bootstrap.sty
Package: l3bootstrap 2011/12/29 v3110 L3 Experimental bootstrap code
)
Package: l3names 2011/12/30 v3113 L3 Experimental namespace for primitives
)
(E:\tex\CTEX\MiKTeX\tex\latex\misc\etex.sty
Package: etex 1998/03/26 v2.0 eTeX basic definition package (PEB)
\et@xins=\count90
)
Package: expl3 2012/02/26 v3471 L3 Experimental code bundle wrapper

(E:\tex\CTEX\MiKTeX\tex\latex\graphics\color.sty
Package: color 2005/11/14 v1.0j Standard LaTeX Color (DPC)

(E:\tex\CTEX\MiKTeX\tex\latex\00miktex\color.cfg
File: color.cfg 2007/01/18 v1.5 color configuration of teTeX/TeXLive
)
Package color Info: Driver file: xetex.def on input line 130.

(E:\tex\CTEX\MiKTeX\tex\xelatex\xetex-def\xetex.def
File: xetex.def 2009/11/22 v0.94 LaTeX color/graphics driver for XeTeX (RRM/JK)

))
(E:\tex\CTEX\MiKTeX\tex\latex\graphics\graphics.sty
Package: graphics 2009/02/05 v1.0o Standard LaTeX Graphics (DPC,SPQR)

(E:\tex\CTEX\MiKTeX\tex\latex\graphics\trig.sty
Package: trig 1999/03/16 v1.09 sin cos tan (DPC)
)
(E:\tex\CTEX\MiKTeX\tex\latex\00miktex\graphics.cfg
File: graphics.cfg 2007/01/18 v1.5 graphics configuration of teTeX/TeXLive
)
Package graphics Info: Driver file: xetex.def on input line 91.
)
(E:\tex\CTEX\MiKTeX\tex\latex\l3kernel\l3basics.sty
Package: l3basics 2012/02/26 v3460 L3 Experimental basic definitions
)
(E:\tex\CTEX\MiKTeX\tex\latex\l3kernel\l3expan.sty
Package: l3expan 2012/02/26 v3460 L3 Experimental argument expansion
)
(E:\tex\CTEX\MiKTeX\tex\latex\l3kernel\l3tl.sty
Package: l3tl 2012/02/26 v3460 L3 Experimental token lists
)
(E:\tex\CTEX\MiKTeX\tex\latex\l3kernel\l3seq.sty
Package: l3seq 2012/01/09 v3158 L3 Experimental sequences and stacks
)
(E:\tex\CTEX\MiKTeX\tex\latex\l3kernel\l3int.sty
Package: l3int 2012/02/26 v3460 L3 Experimental integers
\c_max_int=\count91
\l_tmpa_int=\count92
\l_tmpb_int=\count93
\l_tmpc_int=\count94
\g_tmpa_int=\count95
\g_tmpb_int=\count96
)
(E:\tex\CTEX\MiKTeX\tex\latex\l3kernel\l3quark.sty
Package: l3quark 2012/02/12 v3384 L3 Experimental quarks
)
(E:\tex\CTEX\MiKTeX\tex\latex\l3kernel\l3prg.sty
Package: l3prg 2012/02/26 v3464 L3 Experimental control structures
\g_prg_map_int=\count97
)
(E:\tex\CTEX\MiKTeX\tex\latex\l3kernel\l3clist.sty
Package: l3clist 2012/02/26 v3460 L3 Experimental comma separated lists
)
(E:\tex\CTEX\MiKTeX\tex\latex\l3kernel\l3token.sty
Package: l3token 2012/02/26 v3460 L3 Experimental token manipulation
)
(E:\tex\CTEX\MiKTeX\tex\latex\l3kernel\l3prop.sty
Package: l3prop 2012/02/26 v3460 L3 Experimental property lists
)
(E:\tex\CTEX\MiKTeX\tex\latex\l3kernel\l3msg.sty
Package: l3msg 2012/02/26 v3470 L3 Experimental messages
)
(E:\tex\CTEX\MiKTeX\tex\latex\l3kernel\l3file.sty
Package: l3file 2012/02/26 v3464 L3 Experimental file and I/O operations
\l_iow_stream_int=\count98
\l_iow_line_length_int=\count99
\l_iow_target_length_int=\count100
\l_iow_current_line_int=\count101
\l_iow_current_word_int=\count102
\l_iow_current_indentation_int=\count103
)
(E:\tex\CTEX\MiKTeX\tex\latex\l3kernel\l3skip.sty
Package: l3skip 2012/02/26 v3460 L3 Experimental dimensions and skips
\l_tmpa_dim=\dimen103
\l_tmpb_dim=\dimen104
\l_tmpc_dim=\dimen105
\g_tmpa_dim=\dimen106
\g_tmpb_dim=\dimen107
\l_tmpa_skip=\skip43
\l_tmpb_skip=\skip44
\l_tmpc_skip=\skip45
\g_tmpa_skip=\skip46
\g_tmpb_skip=\skip47
)
(E:\tex\CTEX\MiKTeX\tex\latex\l3kernel\l3keys.sty
Package: l3keys 2011/12/22 v3086 L3 Experimental key-value interfaces
\g_keyval_level_int=\count104
\l_keys_choice_int=\count105
)
(E:\tex\CTEX\MiKTeX\tex\latex\l3kernel\l3fp.sty
Package: l3fp 2012/02/06 v3315 L3 Experimental floating-point operations
\c_one_hundred_million=\count106
\c_five_hundred_million=\count107
\c_one_thousand_million=\count108
\c_fp_pi_by_four_decimal_int=\count109
\c_fp_pi_by_four_extended_int=\count110
\c_fp_pi_decimal_int=\count111
\c_fp_pi_extended_int=\count112
\c_fp_two_pi_decimal_int=\count113
\c_fp_two_pi_extended_int=\count114
\l_fp_count_int=\count115
\l_fp_div_offset_int=\count116
\l_fp_exp_integer_int=\count117
\l_fp_exp_decimal_int=\count118
\l_fp_exp_extended_int=\count119
\l_fp_exp_exponent_int=\count120
\l_fp_input_a_sign_int=\count121
\l_fp_input_a_integer_int=\count122
\l_fp_input_a_decimal_int=\count123
\l_fp_input_a_exponent_int=\count124
\l_fp_input_b_sign_int=\count125
\l_fp_input_b_integer_int=\count126
\l_fp_input_b_decimal_int=\count127
\l_fp_input_b_exponent_int=\count128
\l_fp_input_a_extended_int=\count129
\l_fp_input_b_extended_int=\count130
\l_fp_mul_a_i_int=\count131
\l_fp_mul_a_ii_int=\count132
\l_fp_mul_a_iii_int=\count133
\l_fp_mul_a_iv_int=\count134
\l_fp_mul_a_v_int=\count135
\l_fp_mul_a_vi_int=\count136
\l_fp_mul_b_i_int=\count137
\l_fp_mul_b_ii_int=\count138
\l_fp_mul_b_iii_int=\count139
\l_fp_mul_b_iv_int=\count140
\l_fp_mul_b_v_int=\count141
\l_fp_mul_b_vi_int=\count142
\l_fp_mul_output_int=\count143
\l_fp_output_sign_int=\count144
\l_fp_output_integer_int=\count145
\l_fp_output_decimal_int=\count146
\l_fp_output_exponent_int=\count147
\l_fp_output_extended_int=\count148
\l_fp_round_position_int=\count149
\l_fp_round_target_int=\count150
\l_fp_split_sign_int=\count151
\l_fp_internal_int=\count152
\l_fp_trig_octant_int=\count153
\l_fp_trig_sign_int=\count154
\l_fp_trig_decimal_int=\count155
\l_fp_trig_extended_int=\count156
\l_fp_internal_dim=\dimen108
\l_fp_internal_skip=\skip48
)
(E:\tex\CTEX\MiKTeX\tex\latex\l3kernel\l3box.sty
Package: l3box 2012/02/18 v3432 L3 Experimental boxes
\l_tmpb_box=\box26
\l_box_top_dim=\dimen109
\l_box_bottom_dim=\dimen110
\l_box_left_dim=\dimen111
\l_box_right_dim=\dimen112
\l_box_top_new_dim=\dimen113
\l_box_bottom_new_dim=\dimen114
\l_box_left_new_dim=\dimen115
\l_box_right_new_dim=\dimen116
\l_box_internal_box=\box27
)
(E:\tex\CTEX\MiKTeX\tex\latex\l3kernel\l3coffins.sty
Package: l3coffins 2012/02/26 v3460 L3 Experimental coffin code layer
\l_coffin_internal_box=\box28
\l_coffin_internal_dim=\dimen117
\l_coffin_offset_x_dim=\dimen118
\l_coffin_offset_y_dim=\dimen119
\l_coffin_x_dim=\dimen120
\l_coffin_y_dim=\dimen121
\l_coffin_x_prime_dim=\dimen122
\l_coffin_y_prime_dim=\dimen123
\l_coffin_Depth_dim=\dimen124
\l_coffin_Height_dim=\dimen125
\l_coffin_TotalHeight_dim=\dimen126
\l_coffin_Width_dim=\dimen127
\c_empty_coffin=\box29
\l_coffin_aligned_coffin=\box30
\l_coffin_aligned_internal_coffin=\box31
\l_coffin_bounding_shift_dim=\dimen128
\l_coffin_left_corner_dim=\dimen129
\l_coffin_right_corner_dim=\dimen130
\l_coffin_bottom_corner_dim=\dimen131
\l_coffin_top_corner_dim=\dimen132
\l_coffin_scaled_total_height_dim=\dimen133
\l_coffin_scaled_width_dim=\dimen134
\l_coffin_display_coffin=\box32
\l_coffin_display_coord_coffin=\box33
\l_coffin_display_pole_coffin=\box34
\l_coffin_display_offset_dim=\dimen135
\l_coffin_display_x_dim=\dimen136
\l_coffin_display_y_dim=\dimen137
)
(E:\tex\CTEX\MiKTeX\tex\latex\l3kernel\l3color.sty
Package: l3color 2011/09/07 v2776 L3 Experimental colour support
)
(E:\tex\CTEX\MiKTeX\tex\latex\l3kernel\l3luatex.sty
Package: l3luatex 2012/02/09 v3355 L3 Experimental LuaTeX-specific functions
\g_cctab_allocate_int=\count157
\g_cctab_stack_int=\count158
))
(E:\tex\CTEX\MiKTeX\tex\latex\etoolbox\etoolbox.sty
Package: etoolbox 2011/01/03 v2.1 e-TeX tools for LaTeX
\etb@tempcnta=\count159
)
(E:\tex\CTEX\MiKTeX\tex\generic\oberdiek\ifpdf.sty
Package: ifpdf 2011/01/30 v2.3 Provides the ifpdf switch (HO)
Package ifpdf Info: pdfTeX in PDF mode is not detected.
)
(E:\tex\CTEX\MiKTeX\tex\generic\ifxetex\ifxetex.sty
Package: ifxetex 2010/09/12 v0.6 Provides ifxetex conditional
)
(E:\tex\CTEX\MiKTeX\tex\latex\graphics\keyval.sty
Package: keyval 1999/03/16 v1.13 key=value parser (DPC)
\KV@toks@=\toks14
)
(E:\tex\CTEX\MiKTeX\tex\latex\tools\indentfirst.sty
Package: indentfirst 1995/11/23 v1.03 Indent first paragraph (DPC)
)
(E:\tex\CTEX\MiKTeX\tex\latex\base\fix-cm.sty
Package: fix-cm 2006/09/13 v1.1m fixes to LaTeX

(E:\tex\CTEX\MiKTeX\tex\latex\base\ts1enc.def
File: ts1enc.def 2001/06/05 v3.0e (jk/car/fm) Standard LaTeX file
))
(E:\tex\CTEX\MiKTeX\tex\latex\fancyhdr\fancyhdr.sty
\fancy@headwidth=\skip49
\f@ncyO@elh=\skip50
\f@ncyO@erh=\skip51
\f@ncyO@olh=\skip52
\f@ncyO@orh=\skip53
\f@ncyO@elf=\skip54
\f@ncyO@erf=\skip55
\f@ncyO@olf=\skip56
\f@ncyO@orf=\skip57
)
(E:\tex\CTEX\MiKTeX\tex\latex\ctex\engine\ctex-xecjk-engine.def
(E:\tex\CTEX\MiKTeX\tex\latex\savesym\savesym.sty

LaTeX Warning: You have requested package `savesym',
               but the package provides `savesymbol'.

Package: savesymbol 2003/06/01 v1.1 Saves and restores symbols
) (E:\tex\CTEX\MiKTeX\tex\xelatex\xecjk\xeCJK.sty
Package: xeCJK 2012/01/31 2.4.5 package for typesetting CJK scripts with XeLaTe
X

(E:\tex\CTEX\MiKTeX\tex\latex\xkeyval\xkeyval.sty
Package: xkeyval 2008/08/13 v2.6a package option processing (HA)

(E:\tex\CTEX\MiKTeX\tex\generic\xkeyval\xkeyval.tex
\XKV@toks=\toks15
\XKV@tempa@toks=\toks16
\XKV@depth=\count160
File: xkeyval.tex 2008/08/13 v2.6a key=value parser (HA)
))
(E:\tex\CTEX\MiKTeX\tex\latex\fontspec\fontspec.sty
Package: fontspec 2011/09/18 v2.2a Advanced font selection for XeLaTeX/LuaLaTeX


(E:\tex\CTEX\MiKTeX\tex\latex\l3packages\xparse\xparse.sty
Package: xparse 2012/02/26 v3471 L3 Experimental document command parser
\l_xparse_current_arg_int=\count161
\l_xparse_m_args_int=\count162
\l_xparse_mandatory_args_int=\count163
\l_xparse_processor_int=\count164
\l_xparse_v_nesting_int=\count165
)
\l_fontspec_script_int=\count166
\l_fontspec_language_int=\count167
\l_fontspec_strnum_int=\count168
\l_fontspec_tmpa_dim=\dimen138
\l_fontspec_tmpb_dim=\dimen139
\l_fontspec_tmpc_dim=\dimen140
Variant \tl_gset:cV already defined; not changing it on line 66

(E:\tex\CTEX\MiKTeX\tex\latex\fontspec\fontspec-patches.sty
Package: fontspec-patches 2011/09/18 v2.2a Advanced font selection for XeLaTeX/
LuaLaTeX

(E:\tex\CTEX\MiKTeX\tex\latex\base\fixltx2e.sty
Package: fixltx2e 2006/09/13 v1.1m fixes to LaTeX
LaTeX Info: Redefining \em on input line 420.
)
LaTeX Info: Redefining \em on input line 22.
LaTeX Info: Redefining \emph on input line 29.
LaTeX Info: Redefining \- on input line 32.

*************************************************
* LaTeX warning: "xparse/redefine-command"
* 
* Redefining document command \oldstylenums with arg. spec. 'm' on line 107.
*************************************************
.................................................
. LaTeX info: "xparse/define-command"
. 
. Defining document command \liningnums with arg. spec. 'm' on line 111.
.................................................
) (E:\tex\CTEX\MiKTeX\tex\latex\fontspec\fontspec-xetex.sty
Package: fontspec-xetex 2011/09/18 v2.2a Advanced font selection for XeLaTeX/Lu
aLaTeX

(E:\tex\CTEX\MiKTeX\tex\latex\base\fontenc.sty
Package: fontenc 2005/09/27 v1.99g Standard LaTeX package

(E:\tex\CTEX\MiKTeX\tex\latex\euenc\eu1enc.def
File: eu1enc.def 2010/05/27 v0.1h Experimental Unicode font encodings
)
LaTeX Font Info:    Try loading font information for EU1+lmr on input line 100.


(E:\tex\CTEX\MiKTeX\tex\latex\euenc\eu1lmr.fd
File: eu1lmr.fd 2009/10/30 v1.6 Font defs for Latin Modern
)
Requested font "[lmroman10-regular]:mapping=tex-text" at 10.0pt
 -> E:/tex/CTEX/MiKTeX/fonts/opentype/public/lm/lmroman10-regular.otf
)
(E:\tex\CTEX\MiKTeX\tex\xelatex\xunicode\xunicode.sty
File: xunicode.sty 2011/09/09 v0.981 provides access to latin accents and many 
other characters in Unicode lower plane

(E:\tex\CTEX\MiKTeX\tex\latex\tipa\t3enc.def
File: t3enc.def 2001/12/31 T3 encoding
Requested font "[lmromanslant10-regular]:mapping=tex-text" at 10.0pt
 -> E:/tex/CTEX/MiKTeX/fonts/opentype/public/lm/lmromanslant10-regular.otf
Requested font "[lmroman10-italic]:mapping=tex-text" at 10.0pt
 -> E:/tex/CTEX/MiKTeX/fonts/opentype/public/lm/lmroman10-italic.otf
Requested font "[lmroman10-bold]:mapping=tex-text" at 10.0pt
 -> E:/tex/CTEX/MiKTeX/fonts/opentype/public/lm/lmroman10-bold.otf
LaTeX Font Info:    Try loading font information for EU1+lmss on input line 357
.

(E:\tex\CTEX\MiKTeX\tex\latex\euenc\eu1lmss.fd
File: eu1lmss.fd 2009/10/30 v1.6 Font defs for Latin Modern
)
Requested font "[lmsans10-regular]:mapping=tex-text" at 10.0pt
 -> E:/tex/CTEX/MiKTeX/fonts/opentype/public/lm/lmsans10-regular.otf
)
\tipaTiiicode=\count169
\tipasavetokens=\toks17
\tipachecktokens=\toks18

(E:\tex\CTEX\MiKTeX\tex\latex\graphics\graphicx.sty
Package: graphicx 1999/02/16 v1.0f Enhanced LaTeX Graphics (DPC,SPQR)
\Gin@req@height=\dimen141
\Gin@req@width=\dimen142
))
.................................................
. LaTeX info: "xparse/define-command"
. 
. Defining document command \fontspec with arg. spec. 'O{}m' on line 39.
.................................................
.................................................
. LaTeX info: "xparse/define-command"
. 
. Defining document command \setmainfont with arg. spec. 'O{}m' on line 43.
.................................................
.................................................
. LaTeX info: "xparse/define-command"
. 
. Defining document command \setsansfont with arg. spec. 'O{}m' on line 47.
.................................................
.................................................
. LaTeX info: "xparse/define-command"
. 
. Defining document command \setmonofont with arg. spec. 'O{}m' on line 51.
.................................................
.................................................
. LaTeX info: "xparse/define-command"
. 
. Defining document command \setmathrm with arg. spec. 'O{}m' on line 59.
.................................................
.................................................
. LaTeX info: "xparse/define-command"
. 
. Defining document command \setboldmathrm with arg. spec. 'O{}m' on line 62.
.................................................
.................................................
. LaTeX info: "xparse/define-command"
. 
. Defining document command \setmathsf with arg. spec. 'O{}m' on line 65.
.................................................
.................................................
. LaTeX info: "xparse/define-command"
. 
. Defining document command \setmathtt with arg. spec. 'O{}m' on line 68.
.................................................
.................................................
. LaTeX info: "xparse/define-command"
. 
. Defining document command \newfontfamily with arg. spec. 'mO{}m' on line 84.
.................................................
.................................................
. LaTeX info: "xparse/define-command"
. 
. Defining document command \newfontface with arg. spec. 'mO{}m' on line 87.
.................................................
.................................................
. LaTeX info: "xparse/define-command"
. 
. Defining document command \defaultfontfeatures with arg. spec. 'm' on line
. 91.
.................................................
.................................................
. LaTeX info: "xparse/define-command"
. 
. Defining document command \addfontfeatures with arg. spec. 'm' on line 107.
.................................................
.................................................
. LaTeX info: "xparse/define-command"
. 
. Defining document command \newfontfeature with arg. spec. 'mm' on line 118.
.................................................
.................................................
. LaTeX info: "xparse/define-command"
. 
. Defining document command \newAATfeature with arg. spec. 'mmmm' on line 125.
.................................................
.................................................
. LaTeX info: "xparse/define-command"
. 
. Defining document command \newICUfeature with arg. spec. 'mmm' on line 132.
.................................................
.................................................
. LaTeX info: "xparse/define-command"
. 
. Defining document command \aliasfontfeature with arg. spec. 'mm' on line
. 159.
.................................................
.................................................
. LaTeX info: "xparse/define-command"
. 
. Defining document command \aliasfontfeatureoption with arg. spec. 'mmm' on
. line 164.
.................................................
.................................................
. LaTeX info: "xparse/define-command"
. 
. Defining document command \newfontscript with arg. spec. 'mm' on line 169.
.................................................
.................................................
. LaTeX info: "xparse/define-command"
. 
. Defining document command \newfontlanguage with arg. spec. 'mm' on line 192.
.................................................
.................................................
. LaTeX info: "xparse/define-command"
. 
. Defining document command \DeclareFontsExtensions with arg. spec. 'm' on
. line 211.
.................................................
Variant \prop_gput:cnV already defined; not changing it on line 485
Variant \prop_gput:cnx already defined; not changing it on line 486
Variant \keys_set:nx already defined; not changing it on line 963
\c@fontspec_tmp_int=\count170
LaTeX Info: Redefining \itshape on input line 1881.
LaTeX Info: Redefining \slshape on input line 1885.
LaTeX Info: Redefining \scshape on input line 1889.
LaTeX Info: Redefining \upshape on input line 1893.

(E:\tex\CTEX\MiKTeX\tex\latex\fontspec\fontspec.cfg)))
\xeCJK@cnta=\count171
\xeCJK@cntb=\count172
\xeCJK@cntc=\count173
\xeCJK@cntd=\count174
\xeCJK@cnte=\count175
\xeCJK@dima=\dimen143
LaTeX Info: Redefining \normalfont on input line 886.
LaTeX Info: Redefining \rmfamily on input line 895.
LaTeX Info: Redefining \sffamily on input line 899.
LaTeX Info: Redefining \ttfamily on input line 903.
\xeCJK@featureadded=\count176
\g_xecjk_exspace_dim=\dimen144
)
(E:\tex\CTEX\MiKTeX\tex\latex\ctex\engine\ctex-cjk-common.def
(E:\tex\CTEX\CTeX\tex\latex\CJK\CJKfntef.sty
Package: CJKfntef 2008/12/29 4.8.2

(E:\tex\CTEX\MiKTeX\tex\latex\cjk\CJKulem.sty
Package: CJKulem 2008/12/29 4.8.2

(E:\tex\CTEX\MiKTeX\tex\latex\ulem\ulem.sty
\UL@box=\box35
\UL@hyphenbox=\box36
\UL@skip=\skip58
\UL@hook=\toks19
\UL@height=\dimen145
\UL@pe=\count177
\UL@pixel=\dimen146
\ULC@box=\box37
Requested font "lasy6" scaled 1000
 -> lasy6
Package: ulem 2011/03/18
\ULdepth=\dimen147
)
\UL@lastkern=\dimen148
\CJK@skip=\skip59
)
\CJK@fntefSkip=\skip60
\CJK@nest=\count178
\CJK@fntefDimen=\dimen149
\CJK@underdotBox=\box38
\CJK@ULbox=\box39
\CJK@underanyskip=\dimen150
)
\ccwd=\dimen151
)
(E:\tex\CTEX\MiKTeX\tex\latex\ctex\fontset\ctex-xecjk-winfonts.def))
\CTEX@q=\count179
\CTEX@r=\count180
)
(E:\tex\CTEX\MiKTeX\tex\latex\ctex\def\ctex-caption.def)
(E:\tex\CTEX\MiKTeX\tex\latex\ctex\def\ctex-class.def)
(E:\tex\CTEX\MiKTeX\tex\latex\ctex\def\ctex-book.def))
(E:\tex\CTEX\MiKTeX\tex\latex\ctex\def\ctex-utf8.def)
(E:\tex\CTEX\MiKTeX\tex\latex\ctex\cfg\ctexcap.cfg
(E:\tex\CTEX\MiKTeX\tex\latex\ctex\cfg\ctexcap-utf8.cfg))
(E:\tex\CTEX\MiKTeX\tex\latex\ctex\cfg\ctex.cfg)
(E:\web\aptana3\alicelex\docs\paper-utf8\data/name.tex)
(E:\web\aptana3\alicelex\docs\paper-utf8\data/preamble.tex
Requested font "Times New Roman" at 10.0pt
 -> C:/Windows/Fonts/times.ttf
Requested font "Times New Roman/ICU" at 10.0pt
 -> C:/Windows/Fonts/times.ttf
\g_fontspec_family_Times New Roman_int=\count181
Requested font "Times New Roman/B/ICU" at 10.0pt
 -> C:/Windows/Fonts/timesbd.ttf
Requested font "Times New Roman/B/B/ICU" at 10.0pt
 -> C:/Windows/Fonts/timesbd.ttf
Requested font "Times New Roman/I/ICU" at 10.0pt
 -> C:/Windows/Fonts/timesi.ttf
Requested font "Times New Roman/I/I/ICU" at 10.0pt
 -> C:/Windows/Fonts/timesi.ttf
Requested font "Times New Roman/BI/ICU" at 10.0pt
 -> C:/Windows/Fonts/timesbi.ttf
Requested font "Times New Roman/BI/BI/ICU" at 10.0pt
 -> C:/Windows/Fonts/timesbi.ttf
.................................................
. fontspec info: "defining-font"
. 
. Font family 'TimesNewRoman(0)' created for font 'Times New Roman' with
. options [Ligatures=TeX,].
. 
. This font family consists of the following shapes:
. 
. * 'normal' with NFSS spec.:
. <->"Times New Roman/ICU:script=latn;language=DFLT;mapping=tex-text;"
. 
. * 'bold' with NFSS spec.:
. <->"Times New Roman/B/ICU:script=latn;language=DFLT;mapping=tex-text;"
. 
. * 'italic' with NFSS spec.:
. <->"Times New Roman/I/ICU:script=latn;language=DFLT;mapping=tex-text;"
. 
. * 'bold italic' with NFSS spec.:
. <->"Times New Roman/BI/ICU:script=latn;language=DFLT;mapping=tex-text;"
.................................................
Requested font "Times New Roman/ICU:script=latn;language=DFLT;mapping=tex-text;
" at 10.0pt
 -> C:/Windows/Fonts/times.ttf

(E:\tex\CTEX\MiKTeX\tex\latex\ams\math\amsmath.sty
Package: amsmath 2000/07/18 v2.13 AMS math features
\@mathmargin=\skip61

For additional information on amsmath, use the `?' option.
(E:\tex\CTEX\MiKTeX\tex\latex\ams\math\amstext.sty
Package: amstext 2000/06/29 v2.01

(E:\tex\CTEX\MiKTeX\tex\latex\ams\math\amsgen.sty
File: amsgen.sty 1999/11/30 v2.0
\@emptytoks=\toks20
\ex@=\dimen152
))
(E:\tex\CTEX\MiKTeX\tex\latex\ams\math\amsbsy.sty
Package: amsbsy 1999/11/29 v1.2d
\pmbraise@=\dimen153
)
(E:\tex\CTEX\MiKTeX\tex\latex\ams\math\amsopn.sty
Package: amsopn 1999/12/14 v2.01 operator names
)
\inf@bad=\count182
LaTeX Info: Redefining \frac on input line 211.
\uproot@=\count183
\leftroot@=\count184
LaTeX Info: Redefining \overline on input line 307.
\classnum@=\count185
\DOTSCASE@=\count186
LaTeX Info: Redefining \ldots on input line 379.
LaTeX Info: Redefining \dots on input line 382.
LaTeX Info: Redefining \cdots on input line 467.
\Mathstrutbox@=\box40
\strutbox@=\box41
\big@size=\dimen154
LaTeX Font Info:    Redeclaring font encoding OML on input line 567.
LaTeX Font Info:    Redeclaring font encoding OMS on input line 568.
\macc@depth=\count187
\c@MaxMatrixCols=\count188
\dotsspace@=\muskip10
\c@parentequation=\count189
\dspbrk@lvl=\count190
\tag@help=\toks21
\row@=\count191
\column@=\count192
\maxfields@=\count193
\andhelp@=\toks22
\eqnshift@=\dimen155
\alignsep@=\dimen156
\tagshift@=\dimen157
\tagwidth@=\dimen158
\totwidth@=\dimen159
\lineht@=\dimen160
\@envbody=\toks23
\multlinegap=\skip62
\multlinetaggap=\skip63
\mathdisplay@stack=\toks24
LaTeX Info: Redefining \[ on input line 2666.
LaTeX Info: Redefining \] on input line 2667.
)
(E:\tex\CTEX\MiKTeX\tex\latex\amsfonts\amsfonts.sty
Package: amsfonts 2009/06/22 v3.00 Basic AMSFonts support
\symAMSa=\mathgroup4
\symAMSb=\mathgroup5
LaTeX Font Info:    Overwriting math alphabet `\mathfrak' in version `bold'
(Font)                  U/euf/m/n --> U/euf/b/n on input line 96.
)
(E:\tex\CTEX\MiKTeX\tex\latex\amsfonts\amssymb.sty
Package: amssymb 2009/06/22 v3.00
)
(E:\tex\CTEX\MiKTeX\tex\latex\tools\array.sty
Package: array 2008/09/09 v2.4c Tabular extension package (FMi)
\col@sep=\dimen161
\extrarowheight=\dimen162
\NC@list=\toks25
\extratabsurround=\skip64
\backup@length=\skip65
)
(E:\tex\CTEX\MiKTeX\tex\latex\booktabs\booktabs.sty
Package: booktabs 2005/04/14 v1.61803 publication quality tables
\heavyrulewidth=\dimen163
\lightrulewidth=\dimen164
\cmidrulewidth=\dimen165
\belowrulesep=\dimen166
\belowbottomsep=\dimen167
\aboverulesep=\dimen168
\abovetopsep=\dimen169
\cmidrulesep=\dimen170
\cmidrulekern=\dimen171
\defaultaddspace=\dimen172
\@cmidla=\count194
\@cmidlb=\count195
\@aboverulesep=\dimen173
\@belowrulesep=\dimen174
\@thisruleclass=\count196
\@lastruleclass=\count197
\@thisrulewidth=\dimen175
)
(E:\tex\CTEX\MiKTeX\tex\latex\multirow\multirow.sty
\bigstrutjot=\dimen176
)
(E:\tex\CTEX\MiKTeX\tex\latex\colortbl\colortbl.sty
Package: colortbl 2001/02/13 v0.1j Color table columns (DPC)
\everycr=\toks26
\minrowclearance=\skip66
)
(E:\tex\CTEX\MiKTeX\tex\latex\tools\longtable.sty
Package: longtable 2004/02/01 v4.11 Multi-page Table package (DPC)
\LTleft=\skip67
\LTright=\skip68
\LTpre=\skip69
\LTpost=\skip70
\LTchunksize=\count198
\LTcapwidth=\dimen177
\LT@head=\box42
\LT@firsthead=\box43
\LT@foot=\box44
\LT@lastfoot=\box45
\LT@cols=\count199
\LT@rows=\count200
\c@LT@tables=\count201
Normal \count register pool exhausted, switching to extended pool.
\c@LT@chunks=\count277
\LT@p@ftn=\toks27
)
(E:\tex\CTEX\MiKTeX\tex\latex\tools\verbatim.sty
Package: verbatim 2003/08/22 v1.5q LaTeX2e package for verbatim enhancements
\every@verbatim=\toks28
\verbatim@line=\toks29
\verbatim@in@stream=\read1
)
(E:\tex\CTEX\MiKTeX\tex\latex\lipsum\lipsum.sty
Package: lipsum 2011/04/14 v1.2 150 paragraphs of Lorem Ipsum dummy text
\c@lips@count=\count278
)
(E:\tex\CTEX\MiKTeX\tex\latex\comment\comment.sty
\CommentStream=\write3
 Excluding comment 'comment')
(E:\tex\CTEX\MiKTeX\tex\latex\footnpag\footnpag.sty
Package: footnpag 1995/11/10 v2.6 numbering footnotes per page
\old_foot_file=\read2
\foot_file=\write4
\foot_name_no=\count279
)
(E:\tex\CTEX\MiKTeX\tex\latex\subfig\subfig.sty
Package: subfig 2005/06/28 ver: 1.3 subfig package

(E:\tex\CTEX\MiKTeX\tex\latex\caption\caption.sty
Package: caption 2011/11/10 v3.2e Customizing captions (AR)

(E:\tex\CTEX\MiKTeX\tex\latex\caption\caption3.sty
Package: caption3 2011/11/01 v1.4a caption3 kernel (AR)
\captionmargin=\dimen178
\captionmargin@=\dimen179
\captionwidth=\dimen180
\caption@indent=\dimen181
\caption@parindent=\dimen182
\caption@hangindent=\dimen183
Package caption Info: Unknown document class (or package),
(caption)             standard defaults will be used.
)

Package caption Warning: Unsupported document class (or package) detected,
(caption)                usage of the caption package is not recommended.
See the caption package documentation for explanation.

Package caption Info: \@makecaption = \long macro:#1#2->\vskip \abovecaptionski
p \sbox \@tempboxa {#1\CTEX@caption@delimiter #2}\ifdim \wd \@tempboxa >\hsize 
#1\CTEX@caption@delimiter #2\par \else \global \@minipagefalse \hb@xt@ \hsize {
\hfil \box \@tempboxa \hfil }\fi \vskip \belowcaptionskip .
\c@ContinuedFloat=\count280
Package caption Info: longtable package is loaded.
(E:\tex\CTEX\MiKTeX\tex\latex\caption\ltcaption.sty
Package: ltcaption 2011/09/12 v1.3 longtable captions (AR)
))
\c@KVtest=\count281
\sf@farskip=\skip71
\sf@captopadj=\dimen184
\sf@capskip=\skip72
\sf@nearskip=\skip73


Package subfig Warning: Configuration file subfig.cfg not found on input line 2
97.

\c@subfigure=\count282
\c@subfigure@save=\count283
\c@lofdepth=\count284
\c@subtable=\count285
\c@subtable@save=\count286
\c@lotdepth=\count287
\sf@top=\skip74
\sf@bottom=\skip75
) (E:\tex\CTEX\MiKTeX\tex\latex\paralist\paralist.sty
Package: paralist 2002/03/18 v2.3b Extended list environments (BS)
\pltopsep=\skip76
\plpartopsep=\skip77
\plitemsep=\skip78
\plparsep=\skip79
\pl@lab=\toks30
)
(E:\tex\CTEX\MiKTeX\tex\latex\hyperref\hyperref.sty
Package: hyperref 2012/02/06 v6.82o Hypertext links for LaTeX

(E:\tex\CTEX\MiKTeX\tex\generic\oberdiek\hobsub-hyperref.sty
Package: hobsub-hyperref 2011/04/23 v1.4 Bundle oberdiek, subset hyperref (HO)

(E:\tex\CTEX\MiKTeX\tex\generic\oberdiek\hobsub-generic.sty
Package: hobsub-generic 2011/04/23 v1.4 Bundle oberdiek, subset generic (HO)
Package: hobsub 2011/04/23 v1.4 Subsetting bundle oberdiek (HO)
Package: infwarerr 2010/04/08 v1.3 Providing info/warning/message (HO)
Package: ltxcmds 2011/04/18 v1.20 LaTeX kernel commands for general use (HO)
Package: ifluatex 2010/03/01 v1.3 Provides the ifluatex switch (HO)
Package ifluatex Info: LuaTeX not detected.
Package: ifvtex 2010/03/01 v1.5 Switches for detecting VTeX and its modes (HO)
Package ifvtex Info: VTeX not detected.
Package: intcalc 2007/09/27 v1.1 Expandable integer calculations (HO)
Package hobsub Info: Skipping package `ifpdf' (already loaded).
Package: etexcmds 2011/02/16 v1.5 Prefix for e-TeX command names (HO)
Package etexcmds Info: Could not find \expanded.
(etexcmds)             That can mean that you are not using pdfTeX 1.50 or
(etexcmds)             that some package has redefined \expanded.
(etexcmds)             In the latter case, load this package earlier.
Package: kvsetkeys 2011/04/07 v1.13 Key value parser (HO)
Package: kvdefinekeys 2011/04/07 v1.3 Defining keys (HO)
Package: pdftexcmds 2011/04/22 v0.16 Utilities of pdfTeX for LuaTeX (HO)
Package pdftexcmds Info: LuaTeX not detected.
Package pdftexcmds Info: pdfTeX >= 1.30 not detected.
Package pdftexcmds Info: \pdf@primitive is available.
Package pdftexcmds Info: \pdf@ifprimitive is available.
Package pdftexcmds Info: \pdfdraftmode not found.
Package: pdfescape 2011/04/04 v1.12 Provides string conversions (HO)
Package: bigintcalc 2011/01/30 v1.2 Expandable big integer calculations (HO)
Package: bitset 2011/01/30 v1.1 Data type bit set (HO)
Package: uniquecounter 2011/01/30 v1.2 Provides unlimited unique counter (HO)
)
Package hobsub Info: Skipping package `hobsub' (already loaded).
Package: letltxmacro 2010/09/02 v1.4 Let assignment for LaTeX macros (HO)
Package: hopatch 2011/01/30 v1.0 Wrapper for package hooks (HO)
Package: xcolor-patch 2011/01/30 xcolor patch
Package: atveryend 2011/04/23 v1.7 Hooks at very end of document (HO)
Package: atbegshi 2011/01/30 v1.15 At begin shipout hook (HO)
Package: refcount 2010/12/01 v3.2 Data extraction from references (HO)
Package: hycolor 2011/01/30 v1.7 Color options of hyperref/bookmark (HO)
)
(E:\tex\CTEX\MiKTeX\tex\latex\oberdiek\kvoptions.sty
Package: kvoptions 2010/12/23 v3.10 Keyval support for LaTeX options (HO)
)
\@linkdim=\dimen185
\Hy@linkcounter=\count288
\Hy@pagecounter=\count289

(E:\tex\CTEX\MiKTeX\tex\latex\hyperref\pd1enc.def
File: pd1enc.def 2012/02/06 v6.82o Hyperref: PDFDocEncoding definition (HO)
)
\Hy@SavedSpaceFactor=\count290

(E:\tex\CTEX\MiKTeX\tex\latex\00miktex\hyperref.cfg
File: hyperref.cfg 2002/06/06 v1.2 hyperref configuration of TeXLive
)
Package hyperref Info: Hyper figures OFF on input line 4046.
Package hyperref Info: Link nesting OFF on input line 4051.
Package hyperref Info: Hyper index ON on input line 4054.
Package hyperref Info: Plain pages OFF on input line 4061.
Package hyperref Info: Backreferencing OFF on input line 4066.
Package hyperref Info: Implicit mode ON; LaTeX internals redefined.
Package hyperref Info: Bookmarks ON on input line 4284.
\c@Hy@tempcnt=\count291

(E:\tex\CTEX\MiKTeX\tex\xelatex\xetexurl\url.sty
\Urlmuskip=\muskip11
Package: url 2004/03/15  ver 3.1  Verb mode for urls, etc.
)
LaTeX Info: Redefining \url on input line 4637.
\Fld@menulength=\count292
\Field@Width=\dimen186
\Fld@charsize=\dimen187
Package hyperref Info: Hyper figures OFF on input line 5757.
Package hyperref Info: Link nesting OFF on input line 5762.
Package hyperref Info: Hyper index ON on input line 5765.
Package hyperref Info: backreferencing OFF on input line 5772.
Package hyperref Info: Link coloring OFF on input line 5777.
Package hyperref Info: Link coloring with OCG OFF on input line 5782.
Package hyperref Info: PDF/A mode OFF on input line 5787.
LaTeX Info: Redefining \ref on input line 5827.
LaTeX Info: Redefining \pageref on input line 5831.
\Hy@abspage=\count293
\c@Item=\count294
\c@Hfootnote=\count295
)

Package hyperref Message: Driver (autodetected): hxetex.

(E:\tex\CTEX\MiKTeX\tex\latex\hyperref\hxetex.def
File: hxetex.def 2012/02/06 v6.82o Hyperref driver for XeTeX

(E:\tex\CTEX\MiKTeX\tex\latex\hyperref\puenc.def
File: puenc.def 2012/02/06 v6.82o Hyperref: PDF Unicode definition (HO)
)
(E:\tex\CTEX\MiKTeX\tex\generic\oberdiek\stringenc.sty
Package: stringenc 2010/03/01 v1.8 Converts strings between encodings (HO)
)
\pdfm@box=\box46
\c@Hy@AnnotLevel=\count296
\HyField@AnnotCount=\count297
\Fld@listcount=\count298
\c@bookmark@seq@number=\count299

(E:\tex\CTEX\MiKTeX\tex\latex\oberdiek\rerunfilecheck.sty
Package: rerunfilecheck 2011/04/15 v1.7 Rerun checks for auxiliary files (HO)
Package rerunfilecheck Info: Feature \pdfmdfivesum is not available
(rerunfilecheck)             (e.g. pdfTeX or LuaTeX with package `pdftexcmds').

(rerunfilecheck)             Therefore file contents cannot be checked efficien
tly
(rerunfilecheck)             and the loading of the package is aborted.
)
\Hy@SectionHShift=\skip80
)
(E:\tex\CTEX\MiKTeX\tex\latex\xcolor\xcolor.sty
Package: xcolor 2007/01/21 v2.11 LaTeX color extensions (UK)

(E:\tex\CTEX\MiKTeX\tex\latex\00miktex\color.cfg
File: color.cfg 2007/01/18 v1.5 color configuration of teTeX/TeXLive
)
Package xcolor Info: Driver file: xetex.def on input line 225.
LaTeX Info: Redefining \color on input line 702.
Package xcolor Info: Model `cmy' substituted by `cmy0' on input line 1337.
Package xcolor Info: Model `RGB' extended on input line 1353.
Package xcolor Info: Model `HTML' substituted by `rgb' on input line 1355.
Package xcolor Info: Model `Hsb' substituted by `hsb' on input line 1356.
Package xcolor Info: Model `tHsb' substituted by `hsb' on input line 1357.
Package xcolor Info: Model `HSB' substituted by `hsb' on input line 1358.
Package xcolor Info: Model `Gray' substituted by `gray' on input line 1359.
Package xcolor Info: Model `wave' substituted by `hsb' on input line 1360.
)
Package hyperref Info: Option `CJKbookmarks' set `true' on input line 70.
Package hyperref Info: Option `bookmarksnumbered' set `true' on input line 70.
Package hyperref Info: Option `colorlinks' set `true' on input line 70.
Package hyperref Info: Option `unicode' set `true' on input line 70.
Package hyperref Info: Option `plainpages' set `false' on input line 70.
Package hyperref Info: Option `bookmarksopen' set `true' on input line 70.

(E:\tex\CTEX\MiKTeX\tex\generic\oberdiek\se-ascii-print.def
File: se-ascii-print.def 2010/03/01 v1.8 stringenc: Printable ASCII characters
)
(E:\tex\CTEX\MiKTeX\tex\latex\tools\tabularx.sty
Package: tabularx 1999/01/07 v2.07 `tabularx' package (DPC)
\TX@col@width=\dimen188
\TX@old@table=\dimen189
\TX@old@col=\dimen190
\TX@target=\dimen191
\TX@delta=\dimen192
\TX@cols=\count300
\TX@ftn=\toks31
)
(E:\tex\CTEX\MiKTeX\tex\latex\geometry\geometry.sty
Package: geometry 2010/09/12 v5.6 Page Geometry
\Gm@cnth=\count301
\Gm@cntv=\count302
\c@Gm@tempcnt=\count303
\Gm@bindingoffset=\dimen193
\Gm@wd@mp=\dimen194
\Gm@odd@mp=\dimen195
\Gm@even@mp=\dimen196
\Gm@layoutwidth=\dimen197
\Gm@layoutheight=\dimen198
\Gm@layouthoffset=\dimen199
\Gm@layoutvoffset=\dimen200
\Gm@dimlist=\toks32

(E:\tex\CTEX\MiKTeX\tex\xelatex\xetexconfig\geometry.cfg)))
(E:\web\aptana3\alicelex\docs\paper-utf8\data/abstract_format.tex)
(E:\web\aptana3\alicelex\docs\paper-utf8\data/cover.tex)
(E:\web\aptana3\alicelex\docs\paper-utf8\main.aux)
LaTeX Font Info:    Checking defaults for OML/cmm/m/it on input line 9.
LaTeX Font Info:    ... okay on input line 9.
LaTeX Font Info:    Checking defaults for T1/cmr/m/n on input line 9.
LaTeX Font Info:    ... okay on input line 9.
LaTeX Font Info:    Checking defaults for OT1/cmr/m/n on input line 9.
LaTeX Font Info:    ... okay on input line 9.
LaTeX Font Info:    Checking defaults for OMS/cmsy/m/n on input line 9.
LaTeX Font Info:    ... okay on input line 9.
LaTeX Font Info:    Checking defaults for OMX/cmex/m/n on input line 9.
LaTeX Font Info:    ... okay on input line 9.
LaTeX Font Info:    Checking defaults for U/cmr/m/n on input line 9.
LaTeX Font Info:    ... okay on input line 9.
LaTeX Font Info:    Checking defaults for TS1/cmr/m/n on input line 9.
LaTeX Font Info:    ... okay on input line 9.
LaTeX Font Info:    Checking defaults for EU1/lmr/m/n on input line 9.
LaTeX Font Info:    ... okay on input line 9.
LaTeX Font Info:    Checking defaults for T3/cmr/m/n on input line 9.
LaTeX Font Info:    Try loading font information for T3+cmr on input line 9.

(E:\tex\CTEX\MiKTeX\tex\latex\tipa\t3cmr.fd
File: t3cmr.fd 2001/12/31 TIPA font definitions
)
LaTeX Font Info:    ... okay on input line 9.
LaTeX Font Info:    Checking defaults for PD1/pdf/m/n on input line 9.
LaTeX Font Info:    ... okay on input line 9.
LaTeX Font Info:    Checking defaults for PU/pdf/m/n on input line 9.
LaTeX Font Info:    ... okay on input line 9.
Requested font "Times New Roman/ICU:script=latn;language=DFLT;mapping=tex-text;
" at 12.0pt
 -> C:/Windows/Fonts/times.ttf
.................................................
. fontspec info: "setup-math"
. 
. Adjusting the maths setup (use [no-math] to avoid this).
.................................................
\symlegacymaths=\mathgroup6
LaTeX Font Info:    Overwriting symbol font `legacymaths' in version `bold'
(Font)                  OT1/cmr/m/n --> OT1/cmr/bx/n on input line 9.
LaTeX Font Info:    Redeclaring math accent \acute on input line 9.
LaTeX Font Info:    Redeclaring math accent \grave on input line 9.
LaTeX Font Info:    Redeclaring math accent \ddot on input line 9.
LaTeX Font Info:    Redeclaring math accent \tilde on input line 9.
LaTeX Font Info:    Redeclaring math accent \bar on input line 9.
LaTeX Font Info:    Redeclaring math accent \breve on input line 9.
LaTeX Font Info:    Redeclaring math accent \check on input line 9.
LaTeX Font Info:    Redeclaring math accent \hat on input line 9.
LaTeX Font Info:    Redeclaring math accent \dot on input line 9.
LaTeX Font Info:    Redeclaring math accent \mathring on input line 9.
LaTeX Font Info:    Redeclaring math symbol \Gamma on input line 9.
LaTeX Font Info:    Redeclaring math symbol \Delta on input line 9.
LaTeX Font Info:    Redeclaring math symbol \Theta on input line 9.
LaTeX Font Info:    Redeclaring math symbol \Lambda on input line 9.
LaTeX Font Info:    Redeclaring math symbol \Xi on input line 9.
LaTeX Font Info:    Redeclaring math symbol \Pi on input line 9.
LaTeX Font Info:    Redeclaring math symbol \Sigma on input line 9.
LaTeX Font Info:    Redeclaring math symbol \Upsilon on input line 9.
LaTeX Font Info:    Redeclaring math symbol \Phi on input line 9.
LaTeX Font Info:    Redeclaring math symbol \Psi on input line 9.
LaTeX Font Info:    Redeclaring math symbol \Omega on input line 9.
LaTeX Font Info:    Redeclaring math symbol \mathdollar on input line 9.
LaTeX Font Info:    Redeclaring symbol font `operators' on input line 9.
LaTeX Font Info:    Encoding `OT1' has changed to `EU1' for symbol font
(Font)              `operators' in the math version `normal' on input line 9.
LaTeX Font Info:    Overwriting symbol font `operators' in version `normal'
(Font)                  OT1/cmr/m/n --> EU1/TimesNewRoman(0)/m/n on input line 
9.
LaTeX Font Info:    Encoding `OT1' has changed to `EU1' for symbol font
(Font)              `operators' in the math version `bold' on input line 9.
LaTeX Font Info:    Overwriting symbol font `operators' in version `bold'
(Font)                  OT1/cmr/bx/n --> EU1/TimesNewRoman(0)/m/n on input line
 9.
LaTeX Font Info:    Overwriting symbol font `operators' in version `normal'
(Font)                  EU1/TimesNewRoman(0)/m/n --> EU1/TimesNewRoman(0)/m/n o
n input line 9.
LaTeX Font Info:    Overwriting math alphabet `\mathrm' in version `normal'
(Font)                  EU1/TimesNewRoman(0)/m/n --> EU1/TimesNewRoman(0)/m/n o
n input line 9.
LaTeX Font Info:    Overwriting math alphabet `\mathit' in version `normal'
(Font)                  OT1/cmr/m/it --> EU1/TimesNewRoman(0)/m/it on input lin
e 9.
LaTeX Font Info:    Overwriting math alphabet `\mathbf' in version `normal'
(Font)                  OT1/cmr/bx/n --> EU1/TimesNewRoman(0)/bx/n on input lin
e 9.
LaTeX Font Info:    Overwriting math alphabet `\mathsf' in version `normal'
(Font)                  OT1/cmss/m/n --> EU1/lmss/m/n on input line 9.
LaTeX Font Info:    Overwriting math alphabet `\mathtt' in version `normal'
(Font)                  OT1/cmtt/m/n --> EU1/lmtt/m/n on input line 9.
LaTeX Font Info:    Overwriting symbol font `operators' in version `bold'
(Font)                  EU1/TimesNewRoman(0)/m/n --> EU1/TimesNewRoman(0)/bx/n 
on input line 9.
LaTeX Font Info:    Overwriting math alphabet `\mathrm' in version `bold'
(Font)                  EU1/TimesNewRoman(0)/m/n --> EU1/TimesNewRoman(0)/bx/n 
on input line 9.
LaTeX Font Info:    Overwriting math alphabet `\mathit' in version `bold'
(Font)                  OT1/cmr/bx/it --> EU1/TimesNewRoman(0)/bx/it on input l
ine 9.
LaTeX Font Info:    Overwriting math alphabet `\mathsf' in version `bold'
(Font)                  OT1/cmss/bx/n --> EU1/lmss/bx/n on input line 9.
LaTeX Font Info:    Overwriting math alphabet `\mathtt' in version `bold'
(Font)                  OT1/cmtt/m/n --> EU1/lmtt/bx/n on input line 9.
Package caption Info: Begin \AtBeginDocument code.
Package caption Info: subfig package v1.3 is loaded.
Package caption Info: hyperref package is loaded.
Package caption Info: End \AtBeginDocument code.
\AtBeginShipoutBox=\box47
Package hyperref Info: Link coloring ON on input line 9.

(E:\tex\CTEX\MiKTeX\tex\latex\hyperref\nameref.sty
Package: nameref 2010/04/30 v2.40 Cross-referencing by name of section

(E:\tex\CTEX\MiKTeX\tex\generic\oberdiek\gettitlestring.sty
Package: gettitlestring 2010/12/03 v1.4 Cleanup title references (HO)
)
\c@section@level=\count304
)
LaTeX Info: Redefining \ref on input line 9.
LaTeX Info: Redefining \pageref on input line 9.
LaTeX Info: Redefining \nameref on input line 9.

(E:\web\aptana3\alicelex\docs\paper-utf8\main.out)
(E:\web\aptana3\alicelex\docs\paper-utf8\main.out)
\@outlinefile=\write5


Package hyperref Warning: Rerun to get /PageLabels entry.

*geometry* detected driver: pdftex
*geometry* verbose mode - [ preamble ] result:
* driver: pdftex
* paper: a4paper
* layout: <same size as paper>
* layoutoffset:(h,v)=(0.0pt,0.0pt)
* modes: 
* h-part:(L,W,R)=(91.04872pt, 415.41043pt, 91.04872pt)
* v-part:(T,H,B)=(99.58464pt, 645.87756pt, 99.58464pt)
* \paperwidth=597.50787pt
* \paperheight=845.04684pt
* \textwidth=415.41043pt
* \textheight=645.87756pt
* \oddsidemargin=18.77873pt
* \evensidemargin=18.77873pt
* \topmargin=-4.55914pt
* \headheight=12.0pt
* \headsep=19.8738pt
* \topskip=12.0pt
* \footskip=30.0pt
* \marginparwidth=38.0pt
* \marginparsep=7.0pt
* \columnsep=10.0pt
* \skip\footins=10.8pt plus 4.0pt minus 2.0pt
* \hoffset=0.0pt
* \voffset=0.0pt
* \mag=1000
* \@twocolumnfalse
* \@twosidefalse
* \@mparswitchfalse
* \@reversemarginfalse
* (1in=72.27pt=25.4mm, 1cm=28.453pt)

File: figures/logo.eps Graphic file (type eps)
<figures/logo.eps>
File: figures/name.eps Graphic file (type eps)
 <figures/name.eps>
Requested font "Times New Roman/ICU:script=latn;language=DFLT;mapping=tex-text;
" at 42.16pt
 -> C:/Windows/Fonts/times.ttf
Requested font "STZhongsong" at 42.16pt
 -> C:/Windows/Fonts/STZHONGS.TTF
Requested font "STZhongsong/ICU" at 42.16pt
 -> C:/Windows/Fonts/STZHONGS.TTF
.................................................
. fontspec info: "no-scripts"
. 
. Font STZhongsong does not contain any OpenType `Script' information.
.................................................
\g_fontspec_family_STZhongsong_int=\count305
Requested font "STZhongsong/I/ICU" at 42.16pt
 -> C:/Windows/Fonts/STZHONGS.TTF
.................................................
. fontspec info: "no-font-shape"
. 
. Could not resolve font STZhongsong/I (it probably doesn't exist).
.................................................
Requested font "STZhongsong/I/ICU" at 42.16pt
 -> C:/Windows/Fonts/STZHONGS.TTF
.................................................
. fontspec info: "no-font-shape"
. 
. Could not resolve font STZhongsong/I (it probably doesn't exist).
.................................................
.................................................
. fontspec info: "defining-font"
. 
. Font family 'STZhongsong(0)' created for font 'STZhongsong' with options
. [Ligatures=TeX,BoldFont={STZhongsong},BoldFeatures={RawFeature={embolden=4}}]
.
. 
. This font family consists of the following shapes:
. 
. * 'normal' with NFSS spec.:
. <->"STZhongsong/ICU:mapping=tex-text;"
. 
. * 'bold' with NFSS spec.:
. <->"STZhongsong/ICU:mapping=tex-text;embolden=4;"
.................................................
Requested font "STZhongsong/ICU:mapping=tex-text;" at 42.16pt
 -> C:/Windows/Fonts/STZHONGS.TTF
Requested font "Times New Roman/ICU:script=latn;language=DFLT;mapping=tex-text;
" at 16.06pt
 -> C:/Windows/Fonts/times.ttf
Requested font "STZhongsong" at 16.06pt
 -> C:/Windows/Fonts/STZHONGS.TTF
Requested font "STZhongsong/ICU" at 16.06pt
 -> C:/Windows/Fonts/STZHONGS.TTF
.................................................
. fontspec info: "no-scripts"
. 
. Font STZhongsong does not contain any OpenType `Script' information.
.................................................
.................................................
. fontspec info: "defining-font"
. 
. Font family 'STZhongsong(0)' created for font 'STZhongsong' with options
. [Ligatures=TeX,BoldFont={STZhongsong},BoldFeatures={RawFeature={embolden=4}}]
.
. 
. This font family consists of the following shapes:
.................................................
Requested font "STZhongsong/ICU:mapping=tex-text;" at 16.06pt
 -> C:/Windows/Fonts/STZHONGS.TTF

Overfull \hbox (83.34116pt too wide) in paragraph at lines 10--10
\xeCJK@zhongsong/m/n/16.06 题 目   |   []
 []

Requested font "Times New Roman/ICU:script=latn;language=DFLT;mapping=tex-text;
" at 14.05pt
 -> C:/Windows/Fonts/times.ttf
Requested font "Times New Roman/ICU:script=latn;language=DFLT;mapping=tex-text;
" at 10.54pt
 -> C:/Windows/Fonts/times.ttf
Requested font "cmmi12" at 16.06pt
 -> cmmi12
Requested font "cmmi12" at 14.05pt
 -> cmmi12
Requested font "cmmi10" at 10.54pt
 -> cmmi10
Requested font "cmsy10" at 16.06pt
 -> cmsy10
Requested font "cmsy10" at 14.05pt
 -> cmsy10
Requested font "cmsy10" at 10.54pt
 -> cmsy10
Requested font "cmex10" at 16.06pt
 -> cmex10
Requested font "cmex10" at 14.05pt
 -> cmex10
Requested font "cmex10" at 10.54pt
 -> cmex10
LaTeX Font Info:    Try loading font information for U+msa on input line 10.
(E:\tex\CTEX\MiKTeX\tex\latex\amsfonts\umsa.fd
File: umsa.fd 2009/06/22 v3.00 AMS symbols A
)
Requested font "msam10" at 16.06pt
 -> msam10
Requested font "msam10" at 14.05pt
 -> msam10
Requested font "msam10" at 10.54pt
 -> msam10
LaTeX Font Info:    Try loading font information for U+msb on input line 10.

(E:\tex\CTEX\MiKTeX\tex\latex\amsfonts\umsb.fd
File: umsb.fd 2009/06/22 v3.00 AMS symbols B
)
Requested font "msbm10" at 16.06pt
 -> msbm10
Requested font "msbm10" at 14.05pt
 -> msbm10
Requested font "msbm10" at 10.54pt
 -> msbm10
Requested font "cmr12" at 16.06pt
 -> cmr12
Requested font "cmr12" at 14.05pt
 -> cmr12
Requested font "cmr10" at 10.54pt
 -> cmr10
 [1


]
Requested font "Times New Roman/ICU:script=latn;language=DFLT;mapping=tex-text;
" at 15.06pt
 -> C:/Windows/Fonts/times.ttf
Requested font "Times New Roman/ICU:script=latn;language=DFLT;mapping=tex-text;
" at 12.05pt
 -> C:/Windows/Fonts/times.ttf
Requested font "Times New Roman/ICU:script=latn;language=DFLT;mapping=tex-text;
" at 9.03pt
 -> C:/Windows/Fonts/times.ttf
Requested font "cmmi12" at 15.06pt
 -> cmmi12
Requested font "cmmi12" at 12.05pt
 -> cmmi12
Requested font "cmmi9" at 9.03pt
 -> cmmi9
Requested font "cmsy10" at 15.06pt
 -> cmsy10
Requested font "cmsy10" at 12.05pt
 -> cmsy10
Requested font "cmsy9" at 9.03pt
 -> cmsy9
Requested font "cmex10" at 15.06pt
 -> cmex10
Requested font "cmex10" at 12.05pt
 -> cmex10
Requested font "cmex9" at 9.03pt
 -> cmex9
Requested font "msam10" at 15.06pt
 -> msam10
Requested font "msam10" at 12.05pt
 -> msam10
Requested font "msam10" at 9.03pt
 -> msam10
Requested font "msbm10" at 15.06pt
 -> msbm10
Requested font "msbm10" at 12.05pt
 -> msbm10
Requested font "msbm10" at 9.03pt
 -> msbm10
Requested font "cmr12" at 15.06pt
 -> cmr12
Requested font "cmr12" at 12.05pt
 -> cmr12
Requested font "cmr9" at 9.03pt
 -> cmr9
Requested font "KaiTi" at 15.06pt
 -> C:/Windows/Fonts/simkai.ttf
Requested font "KaiTi/ICU" at 15.06pt
 -> C:/Windows/Fonts/simkai.ttf
.................................................
. fontspec info: "no-scripts"
. 
. Font KaiTi does not contain any OpenType `Script' information.
.................................................
\g_fontspec_family_KaiTi_int=\count306
Requested font "KaiTi/I/ICU" at 15.06pt
 -> C:/Windows/Fonts/simkai.ttf
.................................................
. fontspec info: "no-font-shape"
. 
. Could not resolve font KaiTi/I (it probably doesn't exist).
.................................................
Requested font "KaiTi/I/ICU" at 15.06pt
 -> C:/Windows/Fonts/simkai.ttf
.................................................
. fontspec info: "no-font-shape"
. 
. Could not resolve font KaiTi/I (it probably doesn't exist).
.................................................
.................................................
. fontspec info: "defining-font"
. 
. Font family 'KaiTi(0)' created for font 'KaiTi' with options
. [Ligatures=TeX,BoldFont={KaiTi},BoldFeatures={RawFeature={embolden=4}}].
. 
. This font family consists of the following shapes:
. 
. * 'normal' with NFSS spec.:
. <->"KaiTi/ICU:mapping=tex-text;"
. 
. * 'bold' with NFSS spec.:
. <->"KaiTi/ICU:mapping=tex-text;embolden=4;"
.................................................
Requested font "KaiTi/ICU:mapping=tex-text;" at 15.06pt
 -> C:/Windows/Fonts/simkai.ttf
 [2

]
Requested font "Times New Roman/B/ICU:script=latn;language=DFLT;mapping=tex-tex
t;" at 12.0pt
 -> C:/Windows/Fonts/timesbd.ttf
Requested font "Times New Roman/B/ICU:script=latn;language=DFLT;mapping=tex-tex
t;" at 22.08pt
 -> C:/Windows/Fonts/timesbd.ttf
Requested font "Times New Roman/ICU:script=latn;language=DFLT;mapping=tex-text;
" at 22.08pt
 -> C:/Windows/Fonts/times.ttf
Requested font "Times New Roman/B/ICU:script=latn;language=DFLT;mapping=tex-tex
t;" at 14.05pt
 -> C:/Windows/Fonts/timesbd.ttf
Requested font "Times New Roman/ICU:script=latn;language=DFLT;mapping=tex-text;
" at 14.4pt
 -> C:/Windows/Fonts/times.ttf
Requested font "Times New Roman/I/ICU:script=latn;language=DFLT;mapping=tex-tex
t;" at 14.4pt
 -> C:/Windows/Fonts/timesi.ttf
 [3

]
(E:\web\aptana3\alicelex\docs\paper-utf8\data/abstract.tex
Requested font "Times New Roman/B/ICU:script=latn;language=DFLT;mapping=tex-tex
t;" at 18.07pt
 -> C:/Windows/Fonts/timesbd.ttf
Requested font "KaiTi" at 18.07pt
 -> C:/Windows/Fonts/simkai.ttf
Requested font "KaiTi/ICU" at 18.07pt
 -> C:/Windows/Fonts/simkai.ttf
.................................................
. fontspec info: "no-scripts"
. 
. Font KaiTi does not contain any OpenType `Script' information.
.................................................
.................................................
. fontspec info: "defining-font"
. 
. Font family 'KaiTi(0)' created for font 'KaiTi' with options
. [Ligatures=TeX,BoldFont={KaiTi},BoldFeatures={RawFeature={embolden=4}}].
. 
. This font family consists of the following shapes:
.................................................
Requested font "KaiTi/ICU:mapping=tex-text;embolden=4;" at 18.07pt
 -> C:/Windows/Fonts/simkai.ttf
Requested font "KaiTi" at 14.05pt
 -> C:/Windows/Fonts/simkai.ttf
Requested font "KaiTi/ICU" at 14.05pt
 -> C:/Windows/Fonts/simkai.ttf
.................................................
. fontspec info: "no-scripts"
. 
. Font KaiTi does not contain any OpenType `Script' information.
.................................................
.................................................
. fontspec info: "defining-font"
. 
. Font family 'KaiTi(0)' created for font 'KaiTi' with options
. [Ligatures=TeX,BoldFont={KaiTi},BoldFeatures={RawFeature={embolden=4}}].
. 
. This font family consists of the following shapes:
.................................................
Requested font "KaiTi/ICU:mapping=tex-text;" at 14.05pt
 -> C:/Windows/Fonts/simkai.ttf

Overfull \hbox (25.32047pt too wide) in paragraph at lines 2--2
\xeCJK@kai/m/n/14.05 毕 业 论 文 题 目：|    |   []
 []


Underfull \hbox (badness 10000) in paragraph at lines 2--2

 []

Requested font "Times New Roman/ICU:script=latn;language=DFLT;mapping=tex-text;
" at 8.0pt
 -> C:/Windows/Fonts/times.ttf
Requested font "Times New Roman/ICU:script=latn;language=DFLT;mapping=tex-text;
" at 6.0pt
 -> C:/Windows/Fonts/times.ttf
Requested font "cmmi12" at 12.0pt
 -> cmmi12
Requested font "cmmi8" at 8.0pt
 -> cmmi8
Requested font "cmmi6" at 6.0pt
 -> cmmi6
Requested font "cmsy10" at 12.0pt
 -> cmsy10
Requested font "cmsy8" at 8.0pt
 -> cmsy8
Requested font "cmsy6" at 6.0pt
 -> cmsy6
Requested font "cmex10" at 12.0pt
 -> cmex10
Requested font "cmex8" at 8.0pt
 -> cmex8
Requested font "cmex7" at 6.0pt
 -> cmex7
Requested font "msam10" at 12.0pt
 -> msam10
Requested font "msam10" at 8.0pt
 -> msam10
Requested font "msam7" at 6.0pt
 -> msam7
Requested font "msbm10" at 12.0pt
 -> msbm10
Requested font "msbm10" at 8.0pt
 -> msbm10
Requested font "msbm7" at 6.0pt
 -> msbm7
Requested font "cmr8" at 8.0pt
 -> cmr8
Requested font "cmr6" at 6.0pt
 -> cmr6
Requested font "SimHei" at 15.06pt
 -> C:/Windows/Fonts/simhei.ttf
Requested font "SimHei/ICU" at 15.06pt
 -> C:/Windows/Fonts/simhei.ttf
.................................................
. fontspec info: "no-scripts"
. 
. Font SimHei does not contain any OpenType `Script' information.
.................................................
\g_fontspec_family_SimHei_int=\count307
Requested font "SimHei/I/ICU" at 15.06pt
 -> C:/Windows/Fonts/simhei.ttf
.................................................
. fontspec info: "no-font-shape"
. 
. Could not resolve font SimHei/I (it probably doesn't exist).
.................................................
Requested font "SimHei/I/ICU" at 15.06pt
 -> C:/Windows/Fonts/simhei.ttf
.................................................
. fontspec info: "no-font-shape"
. 
. Could not resolve font SimHei/I (it probably doesn't exist).
.................................................
.................................................
. fontspec info: "defining-font"
. 
. Font family 'SimHei(0)' created for font 'SimHei' with options
. [Ligatures=TeX,BoldFont={SimHei},BoldFeatures={RawFeature={embolden=4}}].
. 
. This font family consists of the following shapes:
. 
. * 'normal' with NFSS spec.:
. <->"SimHei/ICU:mapping=tex-text;"
. 
. * 'bold' with NFSS spec.:
. <->"SimHei/ICU:mapping=tex-text;embolden=4;"
.................................................
Requested font "SimHei/ICU:mapping=tex-text;" at 15.06pt
 -> C:/Windows/Fonts/simhei.ttf
Requested font "KaiTi" at 12.05pt
 -> C:/Windows/Fonts/simkai.ttf
Requested font "KaiTi/ICU" at 12.05pt
 -> C:/Windows/Fonts/simkai.ttf
.................................................
. fontspec info: "no-scripts"
. 
. Font KaiTi does not contain any OpenType `Script' information.
.................................................
.................................................
. fontspec info: "defining-font"
. 
. Font family 'KaiTi(0)' created for font 'KaiTi' with options
. [Ligatures=TeX,BoldFont={KaiTi},BoldFeatures={RawFeature={embolden=4}}].
. 
. This font family consists of the following shapes:
.................................................
Requested font "KaiTi/ICU:mapping=tex-text;" at 12.05pt
 -> C:/Windows/Fonts/simkai.ttf
Requested font "SimHei" at 12.0pt
 -> C:/Windows/Fonts/simhei.ttf
Requested font "SimHei/ICU" at 12.0pt
 -> C:/Windows/Fonts/simhei.ttf
.................................................
. fontspec info: "no-scripts"
. 
. Font SimHei does not contain any OpenType `Script' information.
.................................................
.................................................
. fontspec info: "defining-font"
. 
. Font family 'SimHei(0)' created for font 'SimHei' with options
. [Ligatures=TeX,BoldFont={SimHei},BoldFeatures={RawFeature={embolden=4}}].
. 
. This font family consists of the following shapes:
.................................................
Requested font "SimHei/ICU:mapping=tex-text;" at 12.0pt
 -> C:/Windows/Fonts/simhei.ttf
Requested font "KaiTi" at 12.0pt
 -> C:/Windows/Fonts/simkai.ttf
Requested font "KaiTi/ICU" at 12.0pt
 -> C:/Windows/Fonts/simkai.ttf
.................................................
. fontspec info: "no-scripts"
. 
. Font KaiTi does not contain any OpenType `Script' information.
.................................................
.................................................
. fontspec info: "defining-font"
. 
. Font family 'KaiTi(0)' created for font 'KaiTi' with options
. [Ligatures=TeX,BoldFont={KaiTi},BoldFeatures={RawFeature={embolden=4}}].
. 
. This font family consists of the following shapes:
.................................................
Requested font "KaiTi/ICU:mapping=tex-text;" at 12.0pt
 -> C:/Windows/Fonts/simkai.ttf
[1

]
Requested font "Times New Roman/B/ICU:script=latn;language=DFLT;mapping=tex-tex
t;" at 15.06pt
 -> C:/Windows/Fonts/timesbd.ttf
 [2

])
Requested font "Times New Roman/ICU:script=latn;language=DFLT;mapping=tex-text;
" at 18.07pt
 -> C:/Windows/Fonts/times.ttf
Requested font "SimHei" at 18.07pt
 -> C:/Windows/Fonts/simhei.ttf
Requested font "SimHei/ICU" at 18.07pt
 -> C:/Windows/Fonts/simhei.ttf
.................................................
. fontspec info: "no-scripts"
. 
. Font SimHei does not contain any OpenType `Script' information.
.................................................
.................................................
. fontspec info: "defining-font"
. 
. Font family 'SimHei(0)' created for font 'SimHei' with options
. [Ligatures=TeX,BoldFont={SimHei},BoldFeatures={RawFeature={embolden=4}}].
. 
. This font family consists of the following shapes:
.................................................
Requested font "SimHei/ICU:mapping=tex-text;" at 18.07pt
 -> C:/Windows/Fonts/simhei.ttf


Package hyperref Warning: old toc file detected, not used; run LaTeX again.

\tf@toc=\write6
[3


]

Package hyperref Warning: old lof file detected, not used; run LaTeX again.

\tf@lof=\write7
[4

] (E:\web\aptana3\alicelex\docs\paper-utf8\data/chap02.tex
第一章
Requested font "NSimSun" at 12.05pt
 -> C:/Windows/Fonts/simsun.ttc
Requested font "NSimSun/ICU" at 12.05pt
 -> C:/Windows/Fonts/simsun.ttc
.................................................
. fontspec info: "no-scripts"
. 
. Font NSimSun does not contain any OpenType `Script' information.
.................................................
\g_fontspec_family_NSimSun_int=\count308
Requested font "NSimSun/I/ICU" at 12.05pt
 -> C:/Windows/Fonts/simsun.ttc
.................................................
. fontspec info: "no-font-shape"
. 
. Could not resolve font NSimSun/I (it probably doesn't exist).
.................................................
Requested font "NSimSun/I/ICU" at 12.05pt
 -> C:/Windows/Fonts/simsun.ttc
.................................................
. fontspec info: "no-font-shape"
. 
. Could not resolve font NSimSun/I (it probably doesn't exist).
.................................................
.................................................
. fontspec info: "defining-font"
. 
. Font family 'NSimSun(0)' created for font 'NSimSun' with options
. [Ligatures=TeX,BoldFont={NSimSun},BoldFeatures={RawFeature={embolden=4}}].
. 
. This font family consists of the following shapes:
. 
. * 'normal' with NFSS spec.:
. <->"NSimSun/ICU:mapping=tex-text;"
. 
. * 'bold' with NFSS spec.:
. <->"NSimSun/ICU:mapping=tex-text;embolden=4;"
.................................................
Requested font "NSimSun/ICU:mapping=tex-text;" at 12.05pt
 -> C:/Windows/Fonts/simsun.ttc
.................................................
. fontspec info: "no-scripts"
. 
. Font SimHei does not contain any OpenType `Script' information.
.................................................
.................................................
. fontspec info: "defining-font"
. 
. Font family 'SimHei(0)' created for font 'SimHei' with options
. [Ligatures=TeX,BoldFont={SimHei},BoldFeatures={RawFeature={embolden=4}}].
. 
. This font family consists of the following shapes:
.................................................
LaTeX Font Info:    Try loading font information for EU1+lmtt on input line 7.
(E:\tex\CTEX\MiKTeX\tex\latex\euenc\eu1lmtt.fd
File: eu1lmtt.fd 2009/10/30 v1.6 Font defs for Latin Modern
)
Requested font "[lmmono12-regular]" at 12.05pt
 -> E:/tex/CTEX/MiKTeX/fonts/opentype/public/lm/lmmono12-regular.otf
Requested font "SimHei" at 12.05pt
 -> C:/Windows/Fonts/simhei.ttf
Requested font "SimHei/ICU" at 12.05pt
 -> C:/Windows/Fonts/simhei.ttf
.................................................
. fontspec info: "no-scripts"
. 
. Font SimHei does not contain any OpenType `Script' information.
.................................................
.................................................
. fontspec info: "defining-font"
. 
. Font family 'SimHei(0)' created for font 'SimHei' with options
. [Ligatures=TeX,BoldFont={SimHei},BoldFeatures={RawFeature={embolden=4}}].
. 
. This font family consists of the following shapes:
.................................................
Requested font "SimHei/ICU:mapping=tex-text;" at 12.05pt
 -> C:/Windows/Fonts/simhei.ttf
Requested font "FangSong" at 12.05pt
 -> C:/Windows/Fonts/simfang.ttf
Requested font "FangSong/ICU" at 12.05pt
 -> C:/Windows/Fonts/simfang.ttf
.................................................
. fontspec info: "no-scripts"
. 
. Font FangSong does not contain any OpenType `Script' information.
.................................................
\g_fontspec_family_FangSong_int=\count309
Requested font "FangSong/I/ICU" at 12.05pt
 -> C:/Windows/Fonts/simfang.ttf
.................................................
. fontspec info: "no-font-shape"
. 
. Could not resolve font FangSong/I (it probably doesn't exist).
.................................................
Requested font "FangSong/I/ICU" at 12.05pt
 -> C:/Windows/Fonts/simfang.ttf
.................................................
. fontspec info: "no-font-shape"
. 
. Could not resolve font FangSong/I (it probably doesn't exist).
.................................................
.................................................
. fontspec info: "defining-font"
. 
. Font family 'FangSong(0)' created for font 'FangSong' with options
. [Ligatures=TeX,BoldFont={FangSong},BoldFeatures={RawFeature={embolden=4}}].
. 
. This font family consists of the following shapes:
. 
. * 'normal' with NFSS spec.:
. <->"FangSong/ICU:mapping=tex-text;"
. 
. * 'bold' with NFSS spec.:
. <->"FangSong/ICU:mapping=tex-text;embolden=4;"
.................................................
Requested font "FangSong/ICU:mapping=tex-text;" at 12.05pt
 -> C:/Windows/Fonts/simfang.ttf
Requested font "LiSu" at 12.05pt
 -> C:/Windows/Fonts/SIMLI.TTF
Requested font "LiSu/ICU" at 12.05pt
 -> C:/Windows/Fonts/SIMLI.TTF
.................................................
. fontspec info: "no-scripts"
. 
. Font LiSu does not contain any OpenType `Script' information.
.................................................
\g_fontspec_family_LiSu_int=\count310
Requested font "LiSu/I/ICU" at 12.05pt
 -> C:/Windows/Fonts/SIMLI.TTF
.................................................
. fontspec info: "no-font-shape"
. 
. Could not resolve font LiSu/I (it probably doesn't exist).
.................................................
Requested font "LiSu/I/ICU" at 12.05pt
 -> C:/Windows/Fonts/SIMLI.TTF
.................................................
. fontspec info: "no-font-shape"
. 
. Could not resolve font LiSu/I (it probably doesn't exist).
.................................................
.................................................
. fontspec info: "defining-font"
. 
. Font family 'LiSu(0)' created for font 'LiSu' with options
. [Ligatures=TeX,BoldFont={LiSu},BoldFeatures={RawFeature={embolden=4}}].
. 
. This font family consists of the following shapes:
. 
. * 'normal' with NFSS spec.:
. <->"LiSu/ICU:mapping=tex-text;"
. 
. * 'bold' with NFSS spec.:
. <->"LiSu/ICU:mapping=tex-text;embolden=4;"
.................................................
Requested font "LiSu/ICU:mapping=tex-text;" at 12.05pt
 -> C:/Windows/Fonts/SIMLI.TTF
Requested font "YouYuan" at 12.05pt
 -> C:/Windows/Fonts/SIMYOU.TTF
Requested font "YouYuan/ICU" at 12.05pt
 -> C:/Windows/Fonts/SIMYOU.TTF
.................................................
. fontspec info: "no-scripts"
. 
. Font YouYuan does not contain any OpenType `Script' information.
.................................................
\g_fontspec_family_YouYuan_int=\count311
Requested font "YouYuan/I/ICU" at 12.05pt
 -> C:/Windows/Fonts/SIMYOU.TTF
.................................................
. fontspec info: "no-font-shape"
. 
. Could not resolve font YouYuan/I (it probably doesn't exist).
.................................................
Requested font "YouYuan/I/ICU" at 12.05pt
 -> C:/Windows/Fonts/SIMYOU.TTF
.................................................
. fontspec info: "no-font-shape"
. 
. Could not resolve font YouYuan/I (it probably doesn't exist).
.................................................
.................................................
. fontspec info: "defining-font"
. 
. Font family 'YouYuan(0)' created for font 'YouYuan' with options
. [Ligatures=TeX,BoldFont={YouYuan},BoldFeatures={RawFeature={embolden=4}}].
. 
. This font family consists of the following shapes:
. 
. * 'normal' with NFSS spec.:
. <->"YouYuan/ICU:mapping=tex-text;"
. 
. * 'bold' with NFSS spec.:
. <->"YouYuan/ICU:mapping=tex-text;embolden=4;"
.................................................
Requested font "YouYuan/ICU:mapping=tex-text;" at 12.05pt
 -> C:/Windows/Fonts/SIMYOU.TTF
Requested font "STZhongsong" at 12.05pt
 -> C:/Windows/Fonts/STZHONGS.TTF
Requested font "STZhongsong/ICU" at 12.05pt
 -> C:/Windows/Fonts/STZHONGS.TTF
.................................................
. fontspec info: "no-scripts"
. 
. Font STZhongsong does not contain any OpenType `Script' information.
.................................................
.................................................
. fontspec info: "defining-font"
. 
. Font family 'STZhongsong(0)' created for font 'STZhongsong' with options
. [Ligatures=TeX,BoldFont={STZhongsong},BoldFeatures={RawFeature={embolden=4}}]
.
. 
. This font family consists of the following shapes:
.................................................
Requested font "STZhongsong/ICU:mapping=tex-text;" at 12.05pt
 -> C:/Windows/Fonts/STZHONGS.TTF

Overfull \hbox (57.20242pt too wide) in paragraph at lines 23--26
[][]$[][][][][] [] [] [] [][][][][][][][][][] [] [][][] [] [] [] [][][][][][][]
 [] [][][][][][][][][][][][][][][][][][][][][][][][][][][][][][][][][][][][][][
][][][][][][][]$[][] 
 []


Overfull \hbox (13.78629pt too wide) in paragraph at lines 27--30
[][]$[][][][] [] [] [] [][][] [] [][][][] [] [][][] [] [][][][][][][] [] [][][]
[] [] [][][][] [] [][][][][][] [] [][][][][][][] [] [][][][][][][][][][][][][][
] [] [][][]$[][] 
 []

[1



]
Requested font "[SIMFANG.TTF]" at 12.05pt
 -> C:/Windows/Fonts/SIMFANG.TTF
Requested font "[SIMFANG.TTF]/ICU" at 12.05pt
 -> C:/Windows/Fonts/SIMFANG.TTF
.................................................
. fontspec info: "no-scripts"
. 
. Font [SIMFANG.TTF] does not contain any OpenType `Script' information.
.................................................
\g_fontspec_family_[SIMFANG.TTF]_int=\count312
Requested font "[SIMFANG.TTF]/I/ICU" at 12.05pt
 -> C:/Windows/Fonts/SIMFANG.TTF
Requested font "[SIMFANG.TTF]/I/I/ICU" at 12.05pt
 -> C:/Windows/Fonts/SIMFANG.TTF
.................................................
. fontspec info: "defining-font"
. 
. Font family '[SIMFANG.TTF](0)' created for font '[SIMFANG.TTF]' with options
. [Ligatures=TeX,BoldFont={[SIMFANG.TTF]},BoldFeatures={RawFeature={embolden=4}
}].
. 
. This font family consists of the following shapes:
. 
. * 'normal' with NFSS spec.:
. <->"[SIMFANG.TTF]/ICU:mapping=tex-text;"
. 
. * 'bold' with NFSS spec.:
. <->"[SIMFANG.TTF]/ICU:mapping=tex-text;embolden=4;"
. 
. * 'italic' with NFSS spec.:
. <->"[SIMFANG.TTF]/I/ICU:mapping=tex-text;"
. 
. * 'bold italic' with NFSS spec.:
. <->"[SIMFANG.TTF]/I/ICU:mapping=tex-text;"
.................................................
Requested font "[SIMFANG.TTF]/ICU:mapping=tex-text;" at 12.05pt
 -> C:/Windows/Fonts/SIMFANG.TTF

! Missing number, treated as zero.
<to be read again> 
                   \relax 
l.44 \begin{figure}[htbp]
                         
? 0
<to be read again> 
                   \relax 
l.44 \begin{figure}[htbp]
                         
? 
! Emergency stop.
<to be read again> 
                   \relax 
l.44 \begin{figure}[htbp]
                         
End of file on the terminal!

